app/build/outputs/apk/manifest-merger-debug-report.txt
-- Merging decision tree log ---
manifest
ADDED from AndroidManifest.xml:2:1
	xmlns:android
		ADDED from AndroidManifest.xml:2:11
	package
		ADDED from AndroidManifest.xml:3:2
		INJECTED from AndroidManifest.xml:0:0
		INJECTED from AndroidManifest.xml:0:0
	android:versionName
		ADDED from AndroidManifest.xml:5:2
	android:versionCode
		ADDED from AndroidManifest.xml:4:2
		INJECTED from AndroidManifest.xml:0:0
		INJECTED from AndroidManifest.xml:0:0
uses-sdk
ADDED from AndroidManifest.xml:6:5
	android:targetSdkVersion
		ADDED from AndroidManifest.xml:6:41
		INJECTED from AndroidManifest.xml:0:0
		INJECTED from AndroidManifest.xml:0:0
	android:minSdkVersion
		ADDED from AndroidManifest.xml:6:15
		INJECTED from AndroidManifest.xml:0:0
		INJECTED from AndroidManifest.xml:0:0
supports-screens
ADDED from AndroidManifest.xml:7:2
	android:anyDensity
		ADDED from AndroidManifest.xml:7:20
application
ADDED from AndroidManifest.xml:11:5
	android:label
		ADDED from AndroidManifest.xml:11:48
	android:icon
		ADDED from AndroidManifest.xml:11:18
activity#com.asian.hots.MainActivity
ADDED from AndroidManifest.xml:12:9
	android:screenOrientation
		ADDED from AndroidManifest.xml:14:19
	android:label
		ADDED from AndroidManifest.xml:13:19
	android:configChanges
		ADDED from AndroidManifest.xml:15:19
	android:theme
		ADDED from AndroidManifest.xml:16:19
	android:name
		ADDED from AndroidManifest.xml:12:19
intent-filter#android.intent.action.MAIN+android.intent.category.LAUNCHER
ADDED from AndroidManifest.xml:17:13
action#android.intent.action.MAIN
ADDED from AndroidManifest.xml:18:17
	android:name
		ADDED from AndroidManifest.xml:18:25
category#android.intent.category.LAUNCHER
ADDED from AndroidManifest.xml:19:17
	android:name
		ADDED from AndroidManifest.xml:19:27
activity#com.asian.hots.AlbumsListActivity
ADDED from AndroidManifest.xml:22:3
	android:configChanges
		ADDED from AndroidManifest.xml:23:4
	android:theme
		ADDED from AndroidManifest.xml:24:4
	android:name
		ADDED from AndroidManifest.xml:22:13
activity#com.asian.hots.AlbumsGridActivity
ADDED from AndroidManifest.xml:25:3
	android:configChanges
		ADDED from AndroidManifest.xml:26:4
	android:theme
		ADDED from AndroidManifest.xml:27:4
	android:name
		ADDED from AndroidManifest.xml:25:13
activity#com.asian.hots.ViewImagesActivity
ADDED from AndroidManifest.xml:28:3
	android:configChanges
		ADDED from AndroidManifest.xml:29:4
	android:theme
		ADDED from AndroidManifest.xml:30:4
	android:name
		ADDED from AndroidManifest.xml:28:13
activity#com.asian.hots.CoverFlowActivity
ADDED from AndroidManifest.xml:31:3
	android:configChanges
		ADDED from AndroidManifest.xml:32:4
	android:theme
		ADDED from AndroidManifest.xml:33:4
	android:name
		ADDED from AndroidManifest.xml:31:13
activity#com.asian.hots.AboutAppActivity
ADDED from AndroidManifest.xml:34:3
	android:configChanges
		ADDED from AndroidManifest.xml:35:4
	android:theme
		ADDED from AndroidManifest.xml:36:4
	android:name
		ADDED from AndroidManifest.xml:34:13